{"/mnt/c/Users/marco/Macspark/Projeto Esposo Trofeu 2026/sabrina-costa/backend/db/connection.js": {"path":"/mnt/c/Users/marco/Macspark/Projeto Esposo Trofeu 2026/sabrina-costa/backend/db/connection.js","statementMap":{"0":{"start":{"line":6,"column":17},"end":{"line":6,"column":30}},"1":{"start":{"line":7,"column":0},"end":{"line":7,"column":27}},"2":{"start":{"line":10,"column":13},"end":{"line":18,"column":2}},"3":{"start":{"line":21,"column":0},"end":{"line":23,"column":3}},"4":{"start":{"line":22,"column":4},"end":{"line":22,"column":54}},"5":{"start":{"line":26,"column":0},"end":{"line":29,"column":3}},"6":{"start":{"line":27,"column":4},"end":{"line":27,"column":58}},"7":{"start":{"line":28,"column":4},"end":{"line":28,"column":21}},"8":{"start":{"line":33,"column":4},"end":{"line":42,"column":5}},"9":{"start":{"line":34,"column":23},"end":{"line":34,"column":43}},"10":{"start":{"line":35,"column":23},"end":{"line":35,"column":57}},"11":{"start":{"line":36,"column":8},"end":{"line":36,"column":82}},"12":{"start":{"line":37,"column":8},"end":{"line":37,"column":25}},"13":{"start":{"line":38,"column":8},"end":{"line":38,"column":20}},"14":{"start":{"line":40,"column":8},"end":{"line":40,"column":75}},"15":{"start":{"line":41,"column":8},"end":{"line":41,"column":21}},"16":{"start":{"line":47,"column":18},"end":{"line":47,"column":28}},"17":{"start":{"line":48,"column":4},"end":{"line":56,"column":5}},"18":{"start":{"line":49,"column":20},"end":{"line":49,"column":50}},"19":{"start":{"line":50,"column":25},"end":{"line":50,"column":43}},"20":{"start":{"line":51,"column":8},"end":{"line":51,"column":78}},"21":{"start":{"line":52,"column":8},"end":{"line":52,"column":19}},"22":{"start":{"line":54,"column":8},"end":{"line":54,"column":70}},"23":{"start":{"line":55,"column":8},"end":{"line":55,"column":20}},"24":{"start":{"line":61,"column":19},"end":{"line":61,"column":39}},"25":{"start":{"line":62,"column":4},"end":{"line":72,"column":5}},"26":{"start":{"line":63,"column":8},"end":{"line":63,"column":36}},"27":{"start":{"line":64,"column":23},"end":{"line":64,"column":45}},"28":{"start":{"line":65,"column":8},"end":{"line":65,"column":37}},"29":{"start":{"line":66,"column":8},"end":{"line":66,"column":22}},"30":{"start":{"line":68,"column":8},"end":{"line":68,"column":39}},"31":{"start":{"line":69,"column":8},"end":{"line":69,"column":20}},"32":{"start":{"line":71,"column":8},"end":{"line":71,"column":25}},"33":{"start":{"line":75,"column":0},"end":{"line":80,"column":2}}},"fnMap":{"0":{"name":"(anonymous_0)","decl":{"start":{"line":21,"column":19},"end":{"line":21,"column":20}},"loc":{"start":{"line":21,"column":25},"end":{"line":23,"column":1}},"line":21},"1":{"name":"(anonymous_1)","decl":{"start":{"line":26,"column":17},"end":{"line":26,"column":18}},"loc":{"start":{"line":26,"column":26},"end":{"line":29,"column":1}},"line":26},"2":{"name":"testConnection","decl":{"start":{"line":32,"column":15},"end":{"line":32,"column":29}},"loc":{"start":{"line":32,"column":32},"end":{"line":43,"column":1}},"line":32},"3":{"name":"query","decl":{"start":{"line":46,"column":15},"end":{"line":46,"column":20}},"loc":{"start":{"line":46,"column":35},"end":{"line":57,"column":1}},"line":46},"4":{"name":"transaction","decl":{"start":{"line":60,"column":15},"end":{"line":60,"column":26}},"loc":{"start":{"line":60,"column":37},"end":{"line":73,"column":1}},"line":60}},"branchMap":{"0":{"loc":{"start":{"line":12,"column":9},"end":{"line":14,"column":13}},"type":"cond-expr","locations":[{"start":{"line":12,"column":49},"end":{"line":14,"column":5}},{"start":{"line":14,"column":8},"end":{"line":14,"column":13}}],"line":12}},"s":{"0":1,"1":1,"2":1,"3":1,"4":0,"5":1,"6":0,"7":0,"8":0,"9":0,"10":0,"11":0,"12":0,"13":0,"14":0,"15":0,"16":0,"17":0,"18":0,"19":0,"20":0,"21":0,"22":0,"23":0,"24":0,"25":0,"26":0,"27":0,"28":0,"29":0,"30":0,"31":0,"32":0,"33":1},"f":{"0":0,"1":0,"2":0,"3":0,"4":0},"b":{"0":[0,1]},"_coverageSchema":"1a1c01bbd47fc00a2c39e90264f33305004495a9","hash":"4fe6414d54ece804bdc10c62ddf7f38de9bf6dc0"}
,"/mnt/c/Users/marco/Macspark/Projeto Esposo Trofeu 2026/sabrina-costa/backend/utils/alerts.js": {"path":"/mnt/c/Users/marco/Macspark/Projeto Esposo Trofeu 2026/sabrina-costa/backend/utils/alerts.js","statementMap":{"0":{"start":{"line":5,"column":14},"end":{"line":5,"column":30}},"1":{"start":{"line":6,"column":18},"end":{"line":6,"column":45}},"2":{"start":{"line":7,"column":27},"end":{"line":7,"column":46}},"3":{"start":{"line":9,"column":27},"end":{"line":15,"column":1}},"4":{"start":{"line":24,"column":4},"end":{"line":26,"column":5}},"5":{"start":{"line":25,"column":8},"end":{"line":25,"column":18}},"6":{"start":{"line":28,"column":19},"end":{"line":28,"column":21}},"7":{"start":{"line":29,"column":17},"end":{"line":29,"column":65}},"8":{"start":{"line":30,"column":4},"end":{"line":33,"column":5}},"9":{"start":{"line":31,"column":22},"end":{"line":31,"column":31}},"10":{"start":{"line":32,"column":8},"end":{"line":32,"column":100}},"11":{"start":{"line":35,"column":22},"end":{"line":35,"column":101}},"12":{"start":{"line":36,"column":22},"end":{"line":36,"column":101}},"13":{"start":{"line":37,"column":22},"end":{"line":37,"column":101}},"14":{"start":{"line":38,"column":28},"end":{"line":38,"column":125}},"15":{"start":{"line":39,"column":22},"end":{"line":41,"column":14}},"16":{"start":{"line":43,"column":4},"end":{"line":53,"column":5}},"17":{"start":{"line":44,"column":8},"end":{"line":52,"column":11}},"18":{"start":{"line":55,"column":4},"end":{"line":65,"column":5}},"19":{"start":{"line":56,"column":8},"end":{"line":64,"column":11}},"20":{"start":{"line":67,"column":4},"end":{"line":77,"column":5}},"21":{"start":{"line":68,"column":8},"end":{"line":76,"column":11}},"22":{"start":{"line":79,"column":4},"end":{"line":89,"column":5}},"23":{"start":{"line":80,"column":8},"end":{"line":88,"column":11}},"24":{"start":{"line":91,"column":4},"end":{"line":101,"column":5}},"25":{"start":{"line":92,"column":8},"end":{"line":100,"column":11}},"26":{"start":{"line":103,"column":4},"end":{"line":103,"column":18}},"27":{"start":{"line":111,"column":4},"end":{"line":113,"column":5}},"28":{"start":{"line":112,"column":8},"end":{"line":112,"column":17}},"29":{"start":{"line":115,"column":21},"end":{"line":115,"column":23}},"30":{"start":{"line":116,"column":4},"end":{"line":130,"column":5}},"31":{"start":{"line":117,"column":23},"end":{"line":128,"column":9}},"32":{"start":{"line":129,"column":8},"end":{"line":129,"column":38}},"33":{"start":{"line":131,"column":4},"end":{"line":131,"column":27}},"34":{"start":{"line":138,"column":23},"end":{"line":138,"column":77}},"35":{"start":{"line":139,"column":4},"end":{"line":139,"column":60}},"36":{"start":{"line":148,"column":23},"end":{"line":148,"column":51}},"37":{"start":{"line":149,"column":19},"end":{"line":149,"column":50}},"38":{"start":{"line":150,"column":4},"end":{"line":150,"column":33}},"39":{"start":{"line":153,"column":0},"end":{"line":158,"column":2}}},"fnMap":{"0":{"name":"buildAlerts","decl":{"start":{"line":23,"column":9},"end":{"line":23,"column":20}},"loc":{"start":{"line":23,"column":62},"end":{"line":104,"column":1}},"line":23},"1":{"name":"persistAlerts","decl":{"start":{"line":110,"column":15},"end":{"line":110,"column":28}},"loc":{"start":{"line":110,"column":37},"end":{"line":132,"column":1}},"line":110},"2":{"name":"fetchThresholdConfig","decl":{"start":{"line":137,"column":15},"end":{"line":137,"column":35}},"loc":{"start":{"line":137,"column":38},"end":{"line":140,"column":1}},"line":137},"3":{"name":"evaluateAndPersistAlerts","decl":{"start":{"line":147,"column":15},"end":{"line":147,"column":39}},"loc":{"start":{"line":147,"column":48},"end":{"line":151,"column":1}},"line":147}},"branchMap":{"0":{"loc":{"start":{"line":23,"column":29},"end":{"line":23,"column":60}},"type":"default-arg","locations":[{"start":{"line":23,"column":42},"end":{"line":23,"column":60}}],"line":23},"1":{"loc":{"start":{"line":24,"column":4},"end":{"line":26,"column":5}},"type":"if","locations":[{"start":{"line":24,"column":4},"end":{"line":26,"column":5}},{"start":{},"end":{}}],"line":24},"2":{"loc":{"start":{"line":29,"column":46},"end":{"line":29,"column":62}},"type":"binary-expr","locations":[{"start":{"line":29,"column":46},"end":{"line":29,"column":56}},{"start":{"line":29,"column":60},"end":{"line":29,"column":62}}],"line":29},"3":{"loc":{"start":{"line":32,"column":20},"end":{"line":32,"column":99}},"type":"cond-expr","locations":[{"start":{"line":32,"column":60},"end":{"line":32,"column":73}},{"start":{"line":32,"column":76},"end":{"line":32,"column":99}}],"line":32},"4":{"loc":{"start":{"line":32,"column":20},"end":{"line":32,"column":57}},"type":"binary-expr","locations":[{"start":{"line":32,"column":20},"end":{"line":32,"column":34}},{"start":{"line":32,"column":38},"end":{"line":32,"column":57}}],"line":32},"5":{"loc":{"start":{"line":35,"column":22},"end":{"line":35,"column":101}},"type":"cond-expr","locations":[{"start":{"line":35,"column":72},"end":{"line":35,"column":94}},{"start":{"line":35,"column":97},"end":{"line":35,"column":101}}],"line":35},"6":{"loc":{"start":{"line":35,"column":22},"end":{"line":35,"column":69}},"type":"binary-expr","locations":[{"start":{"line":35,"column":22},"end":{"line":35,"column":41}},{"start":{"line":35,"column":45},"end":{"line":35,"column":69}}],"line":35},"7":{"loc":{"start":{"line":36,"column":22},"end":{"line":36,"column":101}},"type":"cond-expr","locations":[{"start":{"line":36,"column":72},"end":{"line":36,"column":94}},{"start":{"line":36,"column":97},"end":{"line":36,"column":101}}],"line":36},"8":{"loc":{"start":{"line":36,"column":22},"end":{"line":36,"column":69}},"type":"binary-expr","locations":[{"start":{"line":36,"column":22},"end":{"line":36,"column":41}},{"start":{"line":36,"column":45},"end":{"line":36,"column":69}}],"line":36},"9":{"loc":{"start":{"line":37,"column":22},"end":{"line":37,"column":101}},"type":"cond-expr","locations":[{"start":{"line":37,"column":72},"end":{"line":37,"column":94}},{"start":{"line":37,"column":97},"end":{"line":37,"column":101}}],"line":37},"10":{"loc":{"start":{"line":37,"column":22},"end":{"line":37,"column":69}},"type":"binary-expr","locations":[{"start":{"line":37,"column":22},"end":{"line":37,"column":41}},{"start":{"line":37,"column":45},"end":{"line":37,"column":69}}],"line":37},"11":{"loc":{"start":{"line":38,"column":28},"end":{"line":38,"column":125}},"type":"cond-expr","locations":[{"start":{"line":38,"column":90},"end":{"line":38,"column":118}},{"start":{"line":38,"column":121},"end":{"line":38,"column":125}}],"line":38},"12":{"loc":{"start":{"line":38,"column":28},"end":{"line":38,"column":87}},"type":"binary-expr","locations":[{"start":{"line":38,"column":28},"end":{"line":38,"column":53}},{"start":{"line":38,"column":57},"end":{"line":38,"column":87}}],"line":38},"13":{"loc":{"start":{"line":39,"column":22},"end":{"line":41,"column":14}},"type":"cond-expr","locations":[{"start":{"line":40,"column":10},"end":{"line":40,"column":46}},{"start":{"line":41,"column":10},"end":{"line":41,"column":14}}],"line":39},"14":{"loc":{"start":{"line":39,"column":22},"end":{"line":39,"column":97}},"type":"binary-expr","locations":[{"start":{"line":39,"column":22},"end":{"line":39,"column":55}},{"start":{"line":39,"column":59},"end":{"line":39,"column":97}}],"line":39},"15":{"loc":{"start":{"line":43,"column":4},"end":{"line":53,"column":5}},"type":"if","locations":[{"start":{"line":43,"column":4},"end":{"line":53,"column":5}},{"start":{},"end":{}}],"line":43},"16":{"loc":{"start":{"line":43,"column":8},"end":{"line":43,"column":54}},"type":"binary-expr","locations":[{"start":{"line":43,"column":8},"end":{"line":43,"column":26}},{"start":{"line":43,"column":30},"end":{"line":43,"column":54}}],"line":43},"17":{"loc":{"start":{"line":55,"column":4},"end":{"line":65,"column":5}},"type":"if","locations":[{"start":{"line":55,"column":4},"end":{"line":65,"column":5}},{"start":{},"end":{}}],"line":55},"18":{"loc":{"start":{"line":55,"column":8},"end":{"line":55,"column":54}},"type":"binary-expr","locations":[{"start":{"line":55,"column":8},"end":{"line":55,"column":26}},{"start":{"line":55,"column":30},"end":{"line":55,"column":54}}],"line":55},"19":{"loc":{"start":{"line":67,"column":4},"end":{"line":77,"column":5}},"type":"if","locations":[{"start":{"line":67,"column":4},"end":{"line":77,"column":5}},{"start":{},"end":{}}],"line":67},"20":{"loc":{"start":{"line":67,"column":8},"end":{"line":67,"column":54}},"type":"binary-expr","locations":[{"start":{"line":67,"column":8},"end":{"line":67,"column":26}},{"start":{"line":67,"column":30},"end":{"line":67,"column":54}}],"line":67},"21":{"loc":{"start":{"line":79,"column":4},"end":{"line":89,"column":5}},"type":"if","locations":[{"start":{"line":79,"column":4},"end":{"line":89,"column":5}},{"start":{},"end":{}}],"line":79},"22":{"loc":{"start":{"line":79,"column":8},"end":{"line":79,"column":72}},"type":"binary-expr","locations":[{"start":{"line":79,"column":8},"end":{"line":79,"column":32}},{"start":{"line":79,"column":36},"end":{"line":79,"column":72}}],"line":79},"23":{"loc":{"start":{"line":91,"column":4},"end":{"line":101,"column":5}},"type":"if","locations":[{"start":{"line":91,"column":4},"end":{"line":101,"column":5}},{"start":{},"end":{}}],"line":91},"24":{"loc":{"start":{"line":91,"column":8},"end":{"line":91,"column":68}},"type":"binary-expr","locations":[{"start":{"line":91,"column":8},"end":{"line":91,"column":26}},{"start":{"line":91,"column":30},"end":{"line":91,"column":68}}],"line":91},"25":{"loc":{"start":{"line":111,"column":4},"end":{"line":113,"column":5}},"type":"if","locations":[{"start":{"line":111,"column":4},"end":{"line":113,"column":5}},{"start":{},"end":{}}],"line":111},"26":{"loc":{"start":{"line":124,"column":31},"end":{"line":124,"column":51}},"type":"binary-expr","locations":[{"start":{"line":124,"column":31},"end":{"line":124,"column":45}},{"start":{"line":124,"column":49},"end":{"line":124,"column":51}}],"line":124},"27":{"loc":{"start":{"line":125,"column":16},"end":{"line":125,"column":54}},"type":"binary-expr","locations":[{"start":{"line":125,"column":16},"end":{"line":125,"column":29}},{"start":{"line":125,"column":33},"end":{"line":125,"column":54}}],"line":125},"28":{"loc":{"start":{"line":126,"column":16},"end":{"line":126,"column":38}},"type":"binary-expr","locations":[{"start":{"line":126,"column":16},"end":{"line":126,"column":28}},{"start":{"line":126,"column":32},"end":{"line":126,"column":38}}],"line":126},"29":{"loc":{"start":{"line":139,"column":40},"end":{"line":139,"column":56}},"type":"binary-expr","locations":[{"start":{"line":139,"column":40},"end":{"line":139,"column":50}},{"start":{"line":139,"column":54},"end":{"line":139,"column":56}}],"line":139}},"s":{"0":1,"1":1,"2":1,"3":1,"4":3,"5":1,"6":2,"7":2,"8":2,"9":10,"10":10,"11":2,"12":2,"13":2,"14":2,"15":2,"16":2,"17":2,"18":2,"19":2,"20":2,"21":1,"22":2,"23":1,"24":2,"25":1,"26":2,"27":0,"28":0,"29":0,"30":0,"31":0,"32":0,"33":0,"34":0,"35":0,"36":0,"37":0,"38":0,"39":1},"f":{"0":3,"1":0,"2":0,"3":0},"b":{"0":[2],"1":[1,2],"2":[2,0],"3":[10,0],"4":[10,10],"5":[2,0],"6":[2,2],"7":[2,0],"8":[2,2],"9":[1,1],"10":[2,2],"11":[1,1],"12":[2,2],"13":[1,1],"14":[2,2],"15":[2,0],"16":[2,2],"17":[2,0],"18":[2,2],"19":[1,1],"20":[2,1],"21":[1,1],"22":[2,1],"23":[1,1],"24":[2,1],"25":[0,0],"26":[0,0],"27":[0,0],"28":[0,0],"29":[0,0]},"_coverageSchema":"1a1c01bbd47fc00a2c39e90264f33305004495a9","hash":"bc696433202285d07819945a5d5b3a5b3be8f33f"}
,"/mnt/c/Users/marco/Macspark/Projeto Esposo Trofeu 2026/sabrina-costa/backend/utils/config.js": {"path":"/mnt/c/Users/marco/Macspark/Projeto Esposo Trofeu 2026/sabrina-costa/backend/utils/config.js","statementMap":{"0":{"start":{"line":5,"column":18},"end":{"line":5,"column":45}},"1":{"start":{"line":13,"column":19},"end":{"line":13,"column":80}},"2":{"start":{"line":14,"column":4},"end":{"line":16,"column":5}},"3":{"start":{"line":15,"column":8},"end":{"line":15,"column":28}},"4":{"start":{"line":17,"column":4},"end":{"line":17,"column":32}},"5":{"start":{"line":26,"column":4},"end":{"line":32,"column":6}},"6":{"start":{"line":39,"column":19},"end":{"line":39,"column":80}},"7":{"start":{"line":40,"column":4},"end":{"line":43,"column":11}},"8":{"start":{"line":41,"column":8},"end":{"line":41,"column":33}},"9":{"start":{"line":42,"column":8},"end":{"line":42,"column":19}},"10":{"start":{"line":46,"column":0},"end":{"line":50,"column":2}}},"fnMap":{"0":{"name":"getConfigValue","decl":{"start":{"line":12,"column":15},"end":{"line":12,"column":29}},"loc":{"start":{"line":12,"column":56},"end":{"line":18,"column":1}},"line":12},"1":{"name":"setConfigValue","decl":{"start":{"line":25,"column":15},"end":{"line":25,"column":29}},"loc":{"start":{"line":25,"column":42},"end":{"line":33,"column":1}},"line":25},"2":{"name":"getAllConfig","decl":{"start":{"line":38,"column":15},"end":{"line":38,"column":27}},"loc":{"start":{"line":38,"column":30},"end":{"line":44,"column":1}},"line":38},"3":{"name":"(anonymous_3)","decl":{"start":{"line":40,"column":30},"end":{"line":40,"column":31}},"loc":{"start":{"line":40,"column":44},"end":{"line":43,"column":5}},"line":40}},"branchMap":{"0":{"loc":{"start":{"line":12,"column":35},"end":{"line":12,"column":54}},"type":"default-arg","locations":[{"start":{"line":12,"column":50},"end":{"line":12,"column":54}}],"line":12},"1":{"loc":{"start":{"line":14,"column":4},"end":{"line":16,"column":5}},"type":"if","locations":[{"start":{"line":14,"column":4},"end":{"line":16,"column":5}},{"start":{},"end":{}}],"line":14}},"s":{"0":1,"1":0,"2":0,"3":0,"4":0,"5":0,"6":0,"7":0,"8":0,"9":0,"10":1},"f":{"0":0,"1":0,"2":0,"3":0},"b":{"0":[0],"1":[0,0]},"_coverageSchema":"1a1c01bbd47fc00a2c39e90264f33305004495a9","hash":"063cfc553748d7c0cdec72d8954ebc250f32a57b"}
}
