TN:
SF:db/connection.js
FN:21,(anonymous_0)
FN:26,(anonymous_1)
FN:32,testConnection
FN:46,query
FN:60,transaction
FNF:5
FNH:0
FNDA:0,(anonymous_0)
FNDA:0,(anonymous_1)
FNDA:0,testConnection
FNDA:0,query
FNDA:0,transaction
DA:6,1
DA:7,1
DA:10,1
DA:21,1
DA:22,0
DA:26,1
DA:27,0
DA:28,0
DA:33,0
DA:34,0
DA:35,0
DA:36,0
DA:37,0
DA:38,0
DA:40,0
DA:41,0
DA:47,0
DA:48,0
DA:49,0
DA:50,0
DA:51,0
DA:52,0
DA:54,0
DA:55,0
DA:61,0
DA:62,0
DA:63,0
DA:64,0
DA:65,0
DA:66,0
DA:68,0
DA:69,0
DA:71,0
DA:75,1
LF:34
LH:6
BRDA:12,0,0,0
BRDA:12,0,1,1
BRF:2
BRH:1
end_of_record
TN:
SF:utils/alerts.js
FN:23,buildAlerts
FN:110,persistAlerts
FN:137,fetchThresholdConfig
FN:147,evaluateAndPersistAlerts
FNF:4
FNH:1
FNDA:3,buildAlerts
FNDA:0,persistAlerts
FNDA:0,fetchThresholdConfig
FNDA:0,evaluateAndPersistAlerts
DA:5,1
DA:6,1
DA:7,1
DA:9,1
DA:24,3
DA:25,1
DA:28,2
DA:29,2
DA:30,2
DA:31,10
DA:32,10
DA:35,2
DA:36,2
DA:37,2
DA:38,2
DA:39,2
DA:43,2
DA:44,2
DA:55,2
DA:56,2
DA:67,2
DA:68,1
DA:79,2
DA:80,1
DA:91,2
DA:92,1
DA:103,2
DA:111,0
DA:112,0
DA:115,0
DA:116,0
DA:117,0
DA:129,0
DA:131,0
DA:138,0
DA:139,0
DA:148,0
DA:149,0
DA:150,0
DA:153,1
LF:40
LH:28
BRDA:23,0,0,2
BRDA:24,1,0,1
BRDA:24,1,1,2
BRDA:29,2,0,2
BRDA:29,2,1,0
BRDA:32,3,0,10
BRDA:32,3,1,0
BRDA:32,4,0,10
BRDA:32,4,1,10
BRDA:35,5,0,2
BRDA:35,5,1,0
BRDA:35,6,0,2
BRDA:35,6,1,2
BRDA:36,7,0,2
BRDA:36,7,1,0
BRDA:36,8,0,2
BRDA:36,8,1,2
BRDA:37,9,0,1
BRDA:37,9,1,1
BRDA:37,10,0,2
BRDA:37,10,1,2
BRDA:38,11,0,1
BRDA:38,11,1,1
BRDA:38,12,0,2
BRDA:38,12,1,2
BRDA:39,13,0,1
BRDA:39,13,1,1
BRDA:39,14,0,2
BRDA:39,14,1,2
BRDA:43,15,0,2
BRDA:43,15,1,0
BRDA:43,16,0,2
BRDA:43,16,1,2
BRDA:55,17,0,2
BRDA:55,17,1,0
BRDA:55,18,0,2
BRDA:55,18,1,2
BRDA:67,19,0,1
BRDA:67,19,1,1
BRDA:67,20,0,2
BRDA:67,20,1,1
BRDA:79,21,0,1
BRDA:79,21,1,1
BRDA:79,22,0,2
BRDA:79,22,1,1
BRDA:91,23,0,1
BRDA:91,23,1,1
BRDA:91,24,0,2
BRDA:91,24,1,1
BRDA:111,25,0,0
BRDA:111,25,1,0
BRDA:124,26,0,0
BRDA:124,26,1,0
BRDA:125,27,0,0
BRDA:125,27,1,0
BRDA:126,28,0,0
BRDA:126,28,1,0
BRDA:139,29,0,0
BRDA:139,29,1,0
BRF:59
BRH:43
end_of_record
TN:
SF:utils/config.js
FN:12,getConfigValue
FN:25,setConfigValue
FN:38,getAllConfig
FN:40,(anonymous_3)
FNF:4
FNH:0
FNDA:0,getConfigValue
FNDA:0,setConfigValue
FNDA:0,getAllConfig
FNDA:0,(anonymous_3)
DA:5,1
DA:13,0
DA:14,0
DA:15,0
DA:17,0
DA:26,0
DA:39,0
DA:40,0
DA:41,0
DA:42,0
DA:46,1
LF:11
LH:2
BRDA:12,0,0,0
BRDA:14,1,0,0
BRDA:14,1,1,0
BRF:3
BRH:0
end_of_record
